17/07/21 13:52:51 [MUTANT🔥] info: info Log information
17/07/21 13:52:51 [MUTANT🔥] error: error Log information
17/07/21 13:52:51 [MUTANT🔥] warn: warn Log information
17/07/21 13:59:13 [MUTANT🔥] [32minfo[39m: info Log information
17/07/21 13:59:13 [MUTANT🔥] [31merror[39m: error Log information
17/07/21 13:59:13 [MUTANT🔥] [33mwarn[39m: warn Log information
17/07/21 14:00:38 [MUTANT🔥]  [[32minfo[39m]: info Log information
17/07/21 14:00:38 [MUTANT🔥]  [[31merror[39m]: error Log information
17/07/21 14:00:38 [MUTANT🔥]  [[33mwarn[39m]: warn Log information
18/07/21 12:03:25 [MUTANT🔥]  [[32minfo[39m]: info Log information
18/07/21 12:03:25 [MUTANT🔥]  [[31merror[39m]: error Log information
18/07/21 12:03:25 [MUTANT🔥]  [[33mwarn[39m]: warn Log information
18/07/21 12:12:29 [MUTANT🔥]  [[32minfo[39m]: info Log information
18/07/21 12:12:29 [MUTANT🔥]  [[31merror[39m]: error Log information
18/07/21 12:12:29 [MUTANT🔥]  [[33mwarn[39m]: warn Log information
18/07/21 12:40:28 [MUTANT🔥]  [[32minfo[39m]: info Log information
18/07/21 12:40:28 [MUTANT🔥]  [[31merror[39m]: error Log information
18/07/21 12:40:28 [MUTANT🔥]  [[33mwarn[39m]: warn Log information
18/07/21 12:44:45 [MUTANT🔥]  [[32minfo[39m]: info Log information
18/07/21 12:44:45 [MUTANT🔥]  [[31merror[39m]: error Log information
18/07/21 12:44:45 [MUTANT🔥]  [[33mwarn[39m]: warn Log information
18/07/21 12:45:11 [MUTANT🔥]  [[32minfo[39m]: info Log information
18/07/21 12:45:11 [MUTANT🔥]  [[31merror[39m]: error Log information
18/07/21 12:45:11 [MUTANT🔥]  [[33mwarn[39m]: warn Log information
18/07/21 12:45:59 [MUTANT🔥]  [[32minfo[39m]: info Log information
18/07/21 12:45:59 [MUTANT🔥]  [[31merror[39m]: error Log information
18/07/21 12:45:59 [MUTANT🔥]  [[33mwarn[39m]: warn Log information
18/07/21 12:55:56 [MUTANT🔥]  [[32minfo[39m]: info Log information
18/07/21 12:55:56 [MUTANT🔥]  [[31merror[39m]: error Log information
18/07/21 12:55:56 [MUTANT🔥]  [[33mwarn[39m]: warn Log information
18/07/21 12:58:26 [MUTANT🔥]  [[32minfo[39m]: info Log information
18/07/21 12:58:26 [MUTANT🔥]  [[31merror[39m]: error Log information
18/07/21 12:58:26 [MUTANT🔥]  [[33mwarn[39m]: warn Log information
18/07/21 12:59:04 [MUTANT🔥]  [[32minfo[39m]: info Log information
18/07/21 12:59:04 [MUTANT🔥]  [[31merror[39m]: error Log information
18/07/21 12:59:04 [MUTANT🔥]  [[33mwarn[39m]: warn Log information
